<?xml version="1.0" encoding="UTF-8"?>
<!-- Generated by org.testng.reporters.JUnitReportReporter -->
<testsuite hostname="BS-606" failures="0" tests="2" name="officerSide.OfficerLogin" time="22.562" errors="0" timestamp="2023-01-30T19:42:49 BDT" skipped="0">
  <testcase classname="officerSide.OfficerLogin" name="loginPageNavigation" time="11.508"/>
  <system-out/>
  <testcase classname="officerSide.OfficerLogin" name="loginPageNavigation" time="11.054"/>
  <system-out/>
</testsuite> <!-- officerSide.OfficerLogin -->
