<?xml version="1.0" encoding="UTF-8"?>
<!-- Generated by org.testng.reporters.JUnitReportReporter -->
<testsuite skipped="0" hostname="DESKTOP-CBNV9KU" name="officerSide.OfficerLogin" tests="2" failures="0" timestamp="2023-01-31T09:12:26 BDT" time="19.801" errors="0">
  <testcase name="loginPageNavigation" time="10.136" classname="officerSide.OfficerLogin"/>
  <system-out/>
  <testcase name="loginPageNavigation" time="9.665" classname="officerSide.OfficerLogin"/>
  <system-out/>
</testsuite> <!-- officerSide.OfficerLogin -->
