<?xml version="1.0" encoding="UTF-8"?>
<!-- Generated by org.testng.reporters.JUnitReportReporter -->
<testsuite hostname="BS-606" failures="0" tests="2" name="officerSide.OfficerLogin" time="38.070" errors="0" timestamp="2023-02-01T16:01:10 BDT" skipped="0">
  <testcase classname="officerSide.OfficerLogin" name="loginPageNavigation" time="9.559"/>
  <system-out/>
  <testcase classname="officerSide.OfficerLogin" name="loginPageNavigation" time="28.511"/>
  <system-out/>
</testsuite> <!-- officerSide.OfficerLogin -->
