<?xml version="1.0" encoding="UTF-8"?>
<!-- Generated by org.testng.reporters.JUnitReportReporter -->
<testsuite skipped="0" hostname="DESKTOP-CBNV9KU" name="Academy.E2E.OfficerLogin" tests="2" failures="0" timestamp="2023-01-28T19:37:02 BDT" time="23.322" errors="0">
  <testcase name="loginPageNavigation" time="14.024" classname="Academy.E2E.OfficerLogin"/>
  <system-out/>
  <testcase name="loginPageNavigation" time="9.298" classname="Academy.E2E.OfficerLogin"/>
  <system-out/>
</testsuite> <!-- Academy.E2E.OfficerLogin -->
