<?xml version="1.0" encoding="UTF-8"?>
<!-- Generated by org.testng.reporters.JUnitReportReporter -->
<testsuite hostname="BS-606" failures="0" tests="2" name="officerSide.OfficerLogin" time="53.840" errors="0" timestamp="2023-02-02T11:33:16 BDT" skipped="0">
  <testcase classname="officerSide.OfficerLogin" name="loginPageNavigation" time="28.630"/>
  <system-out/>
  <testcase classname="officerSide.OfficerLogin" name="loginPageNavigation" time="25.210"/>
  <system-out/>
</testsuite> <!-- officerSide.OfficerLogin -->
