<?xml version="1.0" encoding="UTF-8"?>
<!-- Generated by org.testng.reporters.JUnitReportReporter -->
<testsuite skipped="0" hostname="DESKTOP-CBNV9KU" name="officerSide.OfficerLogin" tests="2" failures="0" timestamp="2023-01-29T01:51:13 BDT" time="60.941" errors="0">
  <testcase name="loginPageNavigation" time="32.014" classname="officerSide.OfficerLogin"/>
  <system-out/>
  <testcase name="loginPageNavigation" time="28.927" classname="officerSide.OfficerLogin"/>
  <system-out/>
</testsuite> <!-- officerSide.OfficerLogin -->
